{"/Users/nad/Documents/Computing/Project/Mobile/HalalApp/config/constants/colours.js": {"path":"/Users/nad/Documents/Computing/Project/Mobile/HalalApp/config/constants/colours.js","statementMap":{"0":{"start":{"line":1,"column":23},"end":{"line":6,"column":1}}},"fnMap":{},"branchMap":{},"s":{"0":1},"f":{},"b":{},"_coverageSchema":"332fd63041d2c1bcb487cc26dd0d5f7d97098a6c","hash":"46a57791f1d8f16c74e2a932f39d837241c2937d"}
,"/Users/nad/Documents/Computing/Project/Mobile/HalalApp/config/constants/index.js": {"path":"/Users/nad/Documents/Computing/Project/Mobile/HalalApp/config/constants/index.js","statementMap":{},"fnMap":{},"branchMap":{},"s":{},"f":{},"b":{},"_coverageSchema":"332fd63041d2c1bcb487cc26dd0d5f7d97098a6c","hash":"1dcea7b0e84a98df57ab266e03fac301c7ecfada"}
,"/Users/nad/Documents/Computing/Project/Mobile/HalalApp/config/constants/labels.js": {"path":"/Users/nad/Documents/Computing/Project/Mobile/HalalApp/config/constants/labels.js","statementMap":{"0":{"start":{"line":1,"column":24},"end":{"line":1,"column":33}}},"fnMap":{},"branchMap":{},"s":{"0":1},"f":{},"b":{},"_coverageSchema":"332fd63041d2c1bcb487cc26dd0d5f7d97098a6c","hash":"19f014fd798e4a127fcd4fea436e6588990b8b99"}
,"/Users/nad/Documents/Computing/Project/Mobile/HalalApp/src/containers/Home/HomeView.js": {"path":"/Users/nad/Documents/Computing/Project/Mobile/HalalApp/src/containers/Home/HomeView.js","statementMap":{"0":{"start":{"line":7,"column":23},"end":{"line":12,"column":1}},"1":{"start":{"line":14,"column":18},"end":{"line":14,"column":61}},"2":{"start":{"line":16,"column":24},"end":{"line":33,"column":1}},"3":{"start":{"line":17,"column":2},"end":{"line":32,"column":9}}},"fnMap":{"0":{"name":"(anonymous_0)","decl":{"start":{"line":16,"column":24},"end":{"line":16,"column":25}},"loc":{"start":{"line":17,"column":2},"end":{"line":32,"column":9}},"line":17}},"branchMap":{},"s":{"0":1,"1":1,"2":1,"3":1},"f":{"0":1},"b":{},"_coverageSchema":"332fd63041d2c1bcb487cc26dd0d5f7d97098a6c","hash":"b052581ee54cf6c46cd862972c0786c79a71804c"}
,"/Users/nad/Documents/Computing/Project/Mobile/HalalApp/src/lib/halal/halalVerifier.js": {"path":"/Users/nad/Documents/Computing/Project/Mobile/HalalApp/src/lib/halal/halalVerifier.js","statementMap":{"0":{"start":{"line":10,"column":30},"end":{"line":13,"column":1}},"1":{"start":{"line":15,"column":36},"end":{"line":17,"column":1}},"2":{"start":{"line":16,"column":2},"end":{"line":16,"column":42}},"3":{"start":{"line":19,"column":34},"end":{"line":25,"column":1}},"4":{"start":{"line":20,"column":2},"end":{"line":24,"column":4}},"5":{"start":{"line":21,"column":20},"end":{"line":21,"column":48}},"6":{"start":{"line":22,"column":26},"end":{"line":22,"column":47}},"7":{"start":{"line":23,"column":4},"end":{"line":23,"column":58}},"8":{"start":{"line":27,"column":32},"end":{"line":34,"column":1}},"9":{"start":{"line":28,"column":2},"end":{"line":33,"column":4}},"10":{"start":{"line":29,"column":27},"end":{"line":29,"column":66}},"11":{"start":{"line":30,"column":29},"end":{"line":30,"column":53}},"12":{"start":{"line":31,"column":27},"end":{"line":31,"column":46}},"13":{"start":{"line":32,"column":4},"end":{"line":32,"column":84}},"14":{"start":{"line":36,"column":27},"end":{"line":40,"column":1}},"15":{"start":{"line":37,"column":2},"end":{"line":39,"column":32}},"16":{"start":{"line":42,"column":27},"end":{"line":44,"column":1}},"17":{"start":{"line":43,"column":2},"end":{"line":43,"column":14}},"18":{"start":{"line":46,"column":32},"end":{"line":52,"column":1}},"19":{"start":{"line":47,"column":2},"end":{"line":50,"column":4}},"20":{"start":{"line":48,"column":4},"end":{"line":48,"column":40}},"21":{"start":{"line":49,"column":4},"end":{"line":49,"column":15}},"22":{"start":{"line":51,"column":2},"end":{"line":51,"column":12}},"23":{"start":{"line":54,"column":23},"end":{"line":67,"column":1}},"24":{"start":{"line":55,"column":24},"end":{"line":57,"column":18}},"25":{"start":{"line":59,"column":2},"end":{"line":59,"column":52}},"26":{"start":{"line":59,"column":40},"end":{"line":59,"column":52}},"27":{"start":{"line":60,"column":2},"end":{"line":66,"column":3}},"28":{"start":{"line":61,"column":30},"end":{"line":61,"column":63}},"29":{"start":{"line":62,"column":30},"end":{"line":62,"column":63}},"30":{"start":{"line":64,"column":6},"end":{"line":64,"column":70}},"31":{"start":{"line":65,"column":6},"end":{"line":65,"column":18}}},"fnMap":{"0":{"name":"(anonymous_0)","decl":{"start":{"line":15,"column":36},"end":{"line":15,"column":37}},"loc":{"start":{"line":15,"column":51},"end":{"line":17,"column":1}},"line":15},"1":{"name":"(anonymous_1)","decl":{"start":{"line":19,"column":34},"end":{"line":19,"column":35}},"loc":{"start":{"line":19,"column":47},"end":{"line":25,"column":1}},"line":19},"2":{"name":"(anonymous_2)","decl":{"start":{"line":20,"column":26},"end":{"line":20,"column":27}},"loc":{"start":{"line":20,"column":35},"end":{"line":24,"column":3}},"line":20},"3":{"name":"(anonymous_3)","decl":{"start":{"line":27,"column":32},"end":{"line":27,"column":33}},"loc":{"start":{"line":27,"column":43},"end":{"line":34,"column":1}},"line":27},"4":{"name":"(anonymous_4)","decl":{"start":{"line":28,"column":37},"end":{"line":28,"column":38}},"loc":{"start":{"line":28,"column":44},"end":{"line":33,"column":3}},"line":28},"5":{"name":"(anonymous_5)","decl":{"start":{"line":36,"column":27},"end":{"line":36,"column":28}},"loc":{"start":{"line":36,"column":38},"end":{"line":40,"column":1}},"line":36},"6":{"name":"(anonymous_6)","decl":{"start":{"line":42,"column":27},"end":{"line":42,"column":28}},"loc":{"start":{"line":42,"column":38},"end":{"line":44,"column":1}},"line":42},"7":{"name":"(anonymous_7)","decl":{"start":{"line":46,"column":32},"end":{"line":46,"column":33}},"loc":{"start":{"line":46,"column":41},"end":{"line":52,"column":1}},"line":46},"8":{"name":"(anonymous_8)","decl":{"start":{"line":47,"column":27},"end":{"line":47,"column":28}},"loc":{"start":{"line":47,"column":34},"end":{"line":50,"column":3}},"line":47},"9":{"name":"(anonymous_9)","decl":{"start":{"line":54,"column":23},"end":{"line":54,"column":24}},"loc":{"start":{"line":54,"column":40},"end":{"line":67,"column":1}},"line":54}},"branchMap":{"0":{"loc":{"start":{"line":32,"column":11},"end":{"line":32,"column":84}},"type":"binary-expr","locations":[{"start":{"line":32,"column":11},"end":{"line":32,"column":52}},{"start":{"line":32,"column":56},"end":{"line":32,"column":84}}],"line":32},"1":{"loc":{"start":{"line":37,"column":9},"end":{"line":39,"column":32}},"type":"binary-expr","locations":[{"start":{"line":37,"column":9},"end":{"line":37,"column":34}},{"start":{"line":38,"column":9},"end":{"line":38,"column":36}},{"start":{"line":39,"column":9},"end":{"line":39,"column":32}}],"line":37},"2":{"loc":{"start":{"line":59,"column":2},"end":{"line":59,"column":52}},"type":"if","locations":[{"start":{"line":59,"column":2},"end":{"line":59,"column":52}},{"start":{"line":59,"column":2},"end":{"line":59,"column":52}}],"line":59},"3":{"loc":{"start":{"line":60,"column":2},"end":{"line":66,"column":3}},"type":"switch","locations":[{"start":{"line":61,"column":4},"end":{"line":61,"column":63}},{"start":{"line":62,"column":4},"end":{"line":62,"column":63}},{"start":{"line":63,"column":4},"end":{"line":65,"column":18}}],"line":60}},"s":{"0":1,"1":1,"2":4,"3":1,"4":4,"5":4,"6":4,"7":4,"8":1,"9":5,"10":5,"11":5,"12":5,"13":5,"14":1,"15":2,"16":1,"17":0,"18":1,"19":0,"20":0,"21":0,"22":0,"23":1,"24":0,"25":0,"26":0,"27":0,"28":0,"29":0,"30":0,"31":0},"f":{"0":4,"1":4,"2":4,"3":5,"4":5,"5":2,"6":0,"7":0,"8":0,"9":0},"b":{"0":[5,3],"1":[2,2,2],"2":[0,0],"3":[0,0,0]},"_coverageSchema":"332fd63041d2c1bcb487cc26dd0d5f7d97098a6c","hash":"9874b9608900da6d3e1832060b78134c70c5f141"}
,"/Users/nad/Documents/Computing/Project/Mobile/HalalApp/src/lib/imageProcessing/googleImageAPI.js": {"path":"/Users/nad/Documents/Computing/Project/Mobile/HalalApp/src/lib/imageProcessing/googleImageAPI.js","statementMap":{"0":{"start":{"line":1,"column":24},"end":{"line":28,"column":4}},"1":{"start":{"line":2,"column":2},"end":{"line":28,"column":4}},"2":{"start":{"line":3,"column":4},"end":{"line":27,"column":27}},"3":{"start":{"line":25,"column":23},"end":{"line":25,"column":53}},"4":{"start":{"line":26,"column":6},"end":{"line":26,"column":23}}},"fnMap":{"0":{"name":"(anonymous_0)","decl":{"start":{"line":1,"column":24},"end":{"line":1,"column":25}},"loc":{"start":{"line":2,"column":2},"end":{"line":28,"column":4}},"line":2},"1":{"name":"(anonymous_1)","decl":{"start":{"line":2,"column":14},"end":{"line":2,"column":15}},"loc":{"start":{"line":2,"column":35},"end":{"line":28,"column":3}},"line":2},"2":{"name":"(anonymous_2)","decl":{"start":{"line":24,"column":12},"end":{"line":24,"column":13}},"loc":{"start":{"line":24,"column":26},"end":{"line":27,"column":5}},"line":24}},"branchMap":{},"s":{"0":2,"1":1,"2":1,"3":1,"4":1},"f":{"0":1,"1":1,"2":1},"b":{},"_coverageSchema":"332fd63041d2c1bcb487cc26dd0d5f7d97098a6c","hash":"705a43488fe763ab66e293bfdd5fd433b816f814"}
,"/Users/nad/Documents/Computing/Project/Mobile/HalalApp/src/lib/imageProcessing/index.js": {"path":"/Users/nad/Documents/Computing/Project/Mobile/HalalApp/src/lib/imageProcessing/index.js","statementMap":{},"fnMap":{},"branchMap":{},"s":{},"f":{},"b":{},"_coverageSchema":"332fd63041d2c1bcb487cc26dd0d5f7d97098a6c","hash":"e659fa91a3742201fdc1823950535dd09cfe411d"}
,"/Users/nad/Documents/Computing/Project/Mobile/HalalApp/src/lib/imageUtil/imageUtil.js": {"path":"/Users/nad/Documents/Computing/Project/Mobile/HalalApp/src/lib/imageUtil/imageUtil.js","statementMap":{"0":{"start":{"line":6,"column":27},"end":{"line":12,"column":4}},"1":{"start":{"line":7,"column":2},"end":{"line":12,"column":4}},"2":{"start":{"line":8,"column":4},"end":{"line":11,"column":22}},"3":{"start":{"line":10,"column":8},"end":{"line":10,"column":29}},"4":{"start":{"line":14,"column":36},"end":{"line":20,"column":4}},"5":{"start":{"line":15,"column":2},"end":{"line":20,"column":4}},"6":{"start":{"line":16,"column":4},"end":{"line":19,"column":22}},"7":{"start":{"line":18,"column":8},"end":{"line":18,"column":21}}},"fnMap":{"0":{"name":"(anonymous_0)","decl":{"start":{"line":6,"column":27},"end":{"line":6,"column":28}},"loc":{"start":{"line":7,"column":2},"end":{"line":12,"column":4}},"line":7},"1":{"name":"(anonymous_1)","decl":{"start":{"line":7,"column":14},"end":{"line":7,"column":15}},"loc":{"start":{"line":7,"column":35},"end":{"line":12,"column":3}},"line":7},"2":{"name":"(anonymous_2)","decl":{"start":{"line":9,"column":12},"end":{"line":9,"column":13}},"loc":{"start":{"line":9,"column":30},"end":{"line":11,"column":7}},"line":9},"3":{"name":"(anonymous_3)","decl":{"start":{"line":14,"column":36},"end":{"line":14,"column":37}},"loc":{"start":{"line":15,"column":2},"end":{"line":20,"column":4}},"line":15},"4":{"name":"(anonymous_4)","decl":{"start":{"line":15,"column":14},"end":{"line":15,"column":15}},"loc":{"start":{"line":15,"column":35},"end":{"line":20,"column":3}},"line":15},"5":{"name":"(anonymous_5)","decl":{"start":{"line":17,"column":12},"end":{"line":17,"column":13}},"loc":{"start":{"line":17,"column":22},"end":{"line":19,"column":7}},"line":17}},"branchMap":{"0":{"loc":{"start":{"line":6,"column":34},"end":{"line":6,"column":45}},"type":"default-arg","locations":[{"start":{"line":6,"column":42},"end":{"line":6,"column":45}}],"line":6},"1":{"loc":{"start":{"line":6,"column":47},"end":{"line":6,"column":59}},"type":"default-arg","locations":[{"start":{"line":6,"column":56},"end":{"line":6,"column":59}}],"line":6}},"s":{"0":2,"1":2,"2":2,"3":1,"4":2,"5":2,"6":2,"7":1},"f":{"0":2,"1":2,"2":1,"3":2,"4":2,"5":1},"b":{"0":[2],"1":[2]},"_coverageSchema":"332fd63041d2c1bcb487cc26dd0d5f7d97098a6c","hash":"71dcb2adb526238660e8b950a8c0b8cd03ff2f2f"}
,"/Users/nad/Documents/Computing/Project/Mobile/HalalApp/src/lib/imageUtil/index.js": {"path":"/Users/nad/Documents/Computing/Project/Mobile/HalalApp/src/lib/imageUtil/index.js","statementMap":{},"fnMap":{},"branchMap":{},"s":{},"f":{},"b":{},"_coverageSchema":"332fd63041d2c1bcb487cc26dd0d5f7d97098a6c","hash":"61ac6de3c2ca8e418c50674b014231dc2fbfcc99"}
,"/Users/nad/Documents/Computing/Project/Mobile/HalalApp/src/redux/actions/image.js": {"path":"/Users/nad/Documents/Computing/Project/Mobile/HalalApp/src/redux/actions/image.js","statementMap":{"0":{"start":{"line":3,"column":32},"end":{"line":3,"column":50}},"1":{"start":{"line":4,"column":30},"end":{"line":9,"column":1}},"2":{"start":{"line":5,"column":2},"end":{"line":8,"column":3}},"3":{"start":{"line":11,"column":34},"end":{"line":11,"column":54}},"4":{"start":{"line":12,"column":32},"end":{"line":17,"column":1}},"5":{"start":{"line":13,"column":2},"end":{"line":16,"column":3}},"6":{"start":{"line":19,"column":33},"end":{"line":19,"column":52}},"7":{"start":{"line":20,"column":31},"end":{"line":25,"column":1}},"8":{"start":{"line":21,"column":2},"end":{"line":24,"column":3}},"9":{"start":{"line":27,"column":35},"end":{"line":27,"column":56}},"10":{"start":{"line":28,"column":32},"end":{"line":33,"column":1}},"11":{"start":{"line":29,"column":2},"end":{"line":32,"column":3}},"12":{"start":{"line":35,"column":35},"end":{"line":35,"column":56}},"13":{"start":{"line":36,"column":32},"end":{"line":41,"column":1}},"14":{"start":{"line":37,"column":2},"end":{"line":40,"column":3}}},"fnMap":{"0":{"name":"(anonymous_0)","decl":{"start":{"line":4,"column":30},"end":{"line":4,"column":31}},"loc":{"start":{"line":4,"column":40},"end":{"line":9,"column":1}},"line":4},"1":{"name":"(anonymous_1)","decl":{"start":{"line":12,"column":32},"end":{"line":12,"column":33}},"loc":{"start":{"line":12,"column":44},"end":{"line":17,"column":1}},"line":12},"2":{"name":"(anonymous_2)","decl":{"start":{"line":20,"column":31},"end":{"line":20,"column":32}},"loc":{"start":{"line":20,"column":42},"end":{"line":25,"column":1}},"line":20},"3":{"name":"(anonymous_3)","decl":{"start":{"line":28,"column":32},"end":{"line":28,"column":33}},"loc":{"start":{"line":28,"column":44},"end":{"line":33,"column":1}},"line":28},"4":{"name":"(anonymous_4)","decl":{"start":{"line":36,"column":32},"end":{"line":36,"column":33}},"loc":{"start":{"line":36,"column":44},"end":{"line":41,"column":1}},"line":36}},"branchMap":{},"s":{"0":3,"1":3,"2":2,"3":3,"4":3,"5":3,"6":3,"7":3,"8":2,"9":3,"10":3,"11":0,"12":3,"13":3,"14":0},"f":{"0":2,"1":3,"2":2,"3":0,"4":0},"b":{},"_coverageSchema":"332fd63041d2c1bcb487cc26dd0d5f7d97098a6c","hash":"ee3855c4350fb5fc9e9097fa49a3866c43f42c81"}
,"/Users/nad/Documents/Computing/Project/Mobile/HalalApp/src/redux/actions/index.js": {"path":"/Users/nad/Documents/Computing/Project/Mobile/HalalApp/src/redux/actions/index.js","statementMap":{},"fnMap":{},"branchMap":{},"s":{},"f":{},"b":{},"_coverageSchema":"332fd63041d2c1bcb487cc26dd0d5f7d97098a6c","hash":"5805ea16166712572553e01d98d3c214fb339ffb"}
,"/Users/nad/Documents/Computing/Project/Mobile/HalalApp/src/redux/reducers/image.js": {"path":"/Users/nad/Documents/Computing/Project/Mobile/HalalApp/src/redux/reducers/image.js","statementMap":{"0":{"start":{"line":5,"column":2},"end":{"line":1485,"column":3}},"1":{"start":{"line":1487,"column":21},"end":{"line":1516,"column":1}},"2":{"start":{"line":1488,"column":2},"end":{"line":1515,"column":3}},"3":{"start":{"line":1490,"column":6},"end":{"line":1493,"column":7}},"4":{"start":{"line":1495,"column":6},"end":{"line":1498,"column":7}},"5":{"start":{"line":1500,"column":6},"end":{"line":1503,"column":7}},"6":{"start":{"line":1505,"column":6},"end":{"line":1508,"column":7}},"7":{"start":{"line":1510,"column":6},"end":{"line":1513,"column":7}},"8":{"start":{"line":1514,"column":13},"end":{"line":1514,"column":25}}},"fnMap":{"0":{"name":"(anonymous_0)","decl":{"start":{"line":1487,"column":21},"end":{"line":1487,"column":22}},"loc":{"start":{"line":1487,"column":55},"end":{"line":1516,"column":1}},"line":1487}},"branchMap":{"0":{"loc":{"start":{"line":1487,"column":22},"end":{"line":1487,"column":42}},"type":"default-arg","locations":[{"start":{"line":1487,"column":30},"end":{"line":1487,"column":42}}],"line":1487},"1":{"loc":{"start":{"line":1488,"column":2},"end":{"line":1515,"column":3}},"type":"switch","locations":[{"start":{"line":1489,"column":4},"end":{"line":1493,"column":7}},{"start":{"line":1494,"column":4},"end":{"line":1498,"column":7}},{"start":{"line":1499,"column":4},"end":{"line":1503,"column":7}},{"start":{"line":1504,"column":4},"end":{"line":1508,"column":7}},{"start":{"line":1509,"column":4},"end":{"line":1513,"column":7}},{"start":{"line":1514,"column":4},"end":{"line":1514,"column":25}}],"line":1488}},"s":{"0":1,"1":1,"2":7,"3":1,"4":1,"5":1,"6":0,"7":0,"8":4},"f":{"0":7},"b":{"0":[4],"1":[1,1,1,0,0,4]},"_coverageSchema":"332fd63041d2c1bcb487cc26dd0d5f7d97098a6c","hash":"c3520a7000b81c2e9795421fffb1ff748bb4f9f7"}
,"/Users/nad/Documents/Computing/Project/Mobile/HalalApp/src/redux/thunk/image.js": {"path":"/Users/nad/Documents/Computing/Project/Mobile/HalalApp/src/redux/thunk/image.js","statementMap":{"0":{"start":{"line":7,"column":2},"end":{"line":18,"column":3}},"1":{"start":{"line":9,"column":4},"end":{"line":9,"column":32}},"2":{"start":{"line":11,"column":25},"end":{"line":11,"column":53}},"3":{"start":{"line":12,"column":4},"end":{"line":12,"column":47}},"4":{"start":{"line":13,"column":24},"end":{"line":13,"column":69}},"5":{"start":{"line":14,"column":4},"end":{"line":14,"column":43}},"6":{"start":{"line":15,"column":18},"end":{"line":15,"column":45}},"7":{"start":{"line":16,"column":21},"end":{"line":16,"column":51}},"8":{"start":{"line":17,"column":4},"end":{"line":17,"column":39}}},"fnMap":{"0":{"name":"processImage","decl":{"start":{"line":6,"column":16},"end":{"line":6,"column":28}},"loc":{"start":{"line":6,"column":41},"end":{"line":19,"column":1}},"line":6},"1":{"name":"(anonymous_1)","decl":{"start":{"line":7,"column":9},"end":{"line":7,"column":10}},"loc":{"start":{"line":7,"column":29},"end":{"line":18,"column":3}},"line":7}},"branchMap":{},"s":{"0":1,"1":1,"2":1,"3":1,"4":1,"5":1,"6":1,"7":1,"8":1},"f":{"0":1,"1":1},"b":{},"_coverageSchema":"332fd63041d2c1bcb487cc26dd0d5f7d97098a6c","hash":"da9aa2c369fbca971ea3cf77889a49ce0ec7505a"}
}
