{"/Users/nad/Documents/Computing/Project/Mobile/HalalApp/config/constants/colours.js": {"path":"/Users/nad/Documents/Computing/Project/Mobile/HalalApp/config/constants/colours.js","statementMap":{"0":{"start":{"line":1,"column":23},"end":{"line":5,"column":1}}},"fnMap":{},"branchMap":{},"s":{"0":1},"f":{},"b":{},"_coverageSchema":"332fd63041d2c1bcb487cc26dd0d5f7d97098a6c","hash":"65cea1687134645bb55667e35925bd39be01d26e"}
,"/Users/nad/Documents/Computing/Project/Mobile/HalalApp/config/constants/index.js": {"path":"/Users/nad/Documents/Computing/Project/Mobile/HalalApp/config/constants/index.js","statementMap":{},"fnMap":{},"branchMap":{},"s":{},"f":{},"b":{},"_coverageSchema":"332fd63041d2c1bcb487cc26dd0d5f7d97098a6c","hash":"1dcea7b0e84a98df57ab266e03fac301c7ecfada"}
,"/Users/nad/Documents/Computing/Project/Mobile/HalalApp/config/constants/labels.js": {"path":"/Users/nad/Documents/Computing/Project/Mobile/HalalApp/config/constants/labels.js","statementMap":{"0":{"start":{"line":1,"column":24},"end":{"line":1,"column":33}}},"fnMap":{},"branchMap":{},"s":{"0":1},"f":{},"b":{},"_coverageSchema":"332fd63041d2c1bcb487cc26dd0d5f7d97098a6c","hash":"19f014fd798e4a127fcd4fea436e6588990b8b99"}
,"/Users/nad/Documents/Computing/Project/Mobile/HalalApp/src/containers/Home/HomeView.js": {"path":"/Users/nad/Documents/Computing/Project/Mobile/HalalApp/src/containers/Home/HomeView.js","statementMap":{"0":{"start":{"line":7,"column":23},"end":{"line":12,"column":1}},"1":{"start":{"line":14,"column":18},"end":{"line":14,"column":61}},"2":{"start":{"line":16,"column":24},"end":{"line":33,"column":1}},"3":{"start":{"line":17,"column":2},"end":{"line":32,"column":9}}},"fnMap":{"0":{"name":"(anonymous_0)","decl":{"start":{"line":16,"column":24},"end":{"line":16,"column":25}},"loc":{"start":{"line":17,"column":2},"end":{"line":32,"column":9}},"line":17}},"branchMap":{},"s":{"0":1,"1":1,"2":1,"3":1},"f":{"0":1},"b":{},"_coverageSchema":"332fd63041d2c1bcb487cc26dd0d5f7d97098a6c","hash":"b052581ee54cf6c46cd862972c0786c79a71804c"}
,"/Users/nad/Documents/Computing/Project/Mobile/HalalApp/src/lib/imageProcessing/googleImageAPI.js": {"path":"/Users/nad/Documents/Computing/Project/Mobile/HalalApp/src/lib/imageProcessing/googleImageAPI.js","statementMap":{"0":{"start":{"line":1,"column":24},"end":{"line":28,"column":4}},"1":{"start":{"line":2,"column":2},"end":{"line":28,"column":4}},"2":{"start":{"line":3,"column":4},"end":{"line":27,"column":27}},"3":{"start":{"line":25,"column":23},"end":{"line":25,"column":53}},"4":{"start":{"line":26,"column":6},"end":{"line":26,"column":23}}},"fnMap":{"0":{"name":"(anonymous_0)","decl":{"start":{"line":1,"column":24},"end":{"line":1,"column":25}},"loc":{"start":{"line":2,"column":2},"end":{"line":28,"column":4}},"line":2},"1":{"name":"(anonymous_1)","decl":{"start":{"line":2,"column":14},"end":{"line":2,"column":15}},"loc":{"start":{"line":2,"column":35},"end":{"line":28,"column":3}},"line":2},"2":{"name":"(anonymous_2)","decl":{"start":{"line":24,"column":12},"end":{"line":24,"column":13}},"loc":{"start":{"line":24,"column":26},"end":{"line":27,"column":5}},"line":24}},"branchMap":{},"s":{"0":2,"1":1,"2":1,"3":1,"4":1},"f":{"0":1,"1":1,"2":1},"b":{},"_coverageSchema":"332fd63041d2c1bcb487cc26dd0d5f7d97098a6c","hash":"705a43488fe763ab66e293bfdd5fd433b816f814"}
,"/Users/nad/Documents/Computing/Project/Mobile/HalalApp/src/lib/imageProcessing/index.js": {"path":"/Users/nad/Documents/Computing/Project/Mobile/HalalApp/src/lib/imageProcessing/index.js","statementMap":{},"fnMap":{},"branchMap":{},"s":{},"f":{},"b":{},"_coverageSchema":"332fd63041d2c1bcb487cc26dd0d5f7d97098a6c","hash":"e659fa91a3742201fdc1823950535dd09cfe411d"}
,"/Users/nad/Documents/Computing/Project/Mobile/HalalApp/src/lib/imageUtil/imageUtil.js": {"path":"/Users/nad/Documents/Computing/Project/Mobile/HalalApp/src/lib/imageUtil/imageUtil.js","statementMap":{"0":{"start":{"line":6,"column":27},"end":{"line":12,"column":4}},"1":{"start":{"line":7,"column":2},"end":{"line":12,"column":4}},"2":{"start":{"line":8,"column":4},"end":{"line":11,"column":22}},"3":{"start":{"line":10,"column":8},"end":{"line":10,"column":29}},"4":{"start":{"line":14,"column":36},"end":{"line":20,"column":4}},"5":{"start":{"line":15,"column":2},"end":{"line":20,"column":4}},"6":{"start":{"line":16,"column":4},"end":{"line":19,"column":22}},"7":{"start":{"line":18,"column":8},"end":{"line":18,"column":21}}},"fnMap":{"0":{"name":"(anonymous_0)","decl":{"start":{"line":6,"column":27},"end":{"line":6,"column":28}},"loc":{"start":{"line":7,"column":2},"end":{"line":12,"column":4}},"line":7},"1":{"name":"(anonymous_1)","decl":{"start":{"line":7,"column":14},"end":{"line":7,"column":15}},"loc":{"start":{"line":7,"column":35},"end":{"line":12,"column":3}},"line":7},"2":{"name":"(anonymous_2)","decl":{"start":{"line":9,"column":12},"end":{"line":9,"column":13}},"loc":{"start":{"line":9,"column":30},"end":{"line":11,"column":7}},"line":9},"3":{"name":"(anonymous_3)","decl":{"start":{"line":14,"column":36},"end":{"line":14,"column":37}},"loc":{"start":{"line":15,"column":2},"end":{"line":20,"column":4}},"line":15},"4":{"name":"(anonymous_4)","decl":{"start":{"line":15,"column":14},"end":{"line":15,"column":15}},"loc":{"start":{"line":15,"column":35},"end":{"line":20,"column":3}},"line":15},"5":{"name":"(anonymous_5)","decl":{"start":{"line":17,"column":12},"end":{"line":17,"column":13}},"loc":{"start":{"line":17,"column":22},"end":{"line":19,"column":7}},"line":17}},"branchMap":{"0":{"loc":{"start":{"line":6,"column":34},"end":{"line":6,"column":45}},"type":"default-arg","locations":[{"start":{"line":6,"column":42},"end":{"line":6,"column":45}}],"line":6},"1":{"loc":{"start":{"line":6,"column":47},"end":{"line":6,"column":59}},"type":"default-arg","locations":[{"start":{"line":6,"column":56},"end":{"line":6,"column":59}}],"line":6}},"s":{"0":2,"1":2,"2":2,"3":1,"4":2,"5":2,"6":2,"7":1},"f":{"0":2,"1":2,"2":1,"3":2,"4":2,"5":1},"b":{"0":[2],"1":[2]},"_coverageSchema":"332fd63041d2c1bcb487cc26dd0d5f7d97098a6c","hash":"71dcb2adb526238660e8b950a8c0b8cd03ff2f2f"}
,"/Users/nad/Documents/Computing/Project/Mobile/HalalApp/src/lib/imageUtil/index.js": {"path":"/Users/nad/Documents/Computing/Project/Mobile/HalalApp/src/lib/imageUtil/index.js","statementMap":{},"fnMap":{},"branchMap":{},"s":{},"f":{},"b":{},"_coverageSchema":"332fd63041d2c1bcb487cc26dd0d5f7d97098a6c","hash":"61ac6de3c2ca8e418c50674b014231dc2fbfcc99"}
,"/Users/nad/Documents/Computing/Project/Mobile/HalalApp/src/redux/actions/image.js": {"path":"/Users/nad/Documents/Computing/Project/Mobile/HalalApp/src/redux/actions/image.js","statementMap":{"0":{"start":{"line":3,"column":32},"end":{"line":3,"column":50}},"1":{"start":{"line":4,"column":30},"end":{"line":9,"column":1}},"2":{"start":{"line":5,"column":2},"end":{"line":8,"column":3}},"3":{"start":{"line":11,"column":34},"end":{"line":11,"column":54}},"4":{"start":{"line":12,"column":32},"end":{"line":17,"column":1}},"5":{"start":{"line":13,"column":2},"end":{"line":16,"column":3}},"6":{"start":{"line":19,"column":33},"end":{"line":19,"column":52}},"7":{"start":{"line":20,"column":31},"end":{"line":25,"column":1}},"8":{"start":{"line":21,"column":2},"end":{"line":24,"column":3}}},"fnMap":{"0":{"name":"(anonymous_0)","decl":{"start":{"line":4,"column":30},"end":{"line":4,"column":31}},"loc":{"start":{"line":4,"column":40},"end":{"line":9,"column":1}},"line":4},"1":{"name":"(anonymous_1)","decl":{"start":{"line":12,"column":32},"end":{"line":12,"column":33}},"loc":{"start":{"line":12,"column":44},"end":{"line":17,"column":1}},"line":12},"2":{"name":"(anonymous_2)","decl":{"start":{"line":20,"column":31},"end":{"line":20,"column":32}},"loc":{"start":{"line":20,"column":42},"end":{"line":25,"column":1}},"line":20}},"branchMap":{},"s":{"0":3,"1":3,"2":2,"3":3,"4":3,"5":2,"6":3,"7":3,"8":2},"f":{"0":2,"1":2,"2":2},"b":{},"_coverageSchema":"332fd63041d2c1bcb487cc26dd0d5f7d97098a6c","hash":"89e5f49c4bc5b3c05573ace71108ccdc08057223"}
,"/Users/nad/Documents/Computing/Project/Mobile/HalalApp/src/redux/actions/index.js": {"path":"/Users/nad/Documents/Computing/Project/Mobile/HalalApp/src/redux/actions/index.js","statementMap":{},"fnMap":{},"branchMap":{},"s":{},"f":{},"b":{},"_coverageSchema":"332fd63041d2c1bcb487cc26dd0d5f7d97098a6c","hash":"5805ea16166712572553e01d98d3c214fb339ffb"}
,"/Users/nad/Documents/Computing/Project/Mobile/HalalApp/src/redux/reducers/image.js": {"path":"/Users/nad/Documents/Computing/Project/Mobile/HalalApp/src/redux/reducers/image.js","statementMap":{"0":{"start":{"line":3,"column":21},"end":{"line":3,"column":23}},"1":{"start":{"line":5,"column":21},"end":{"line":24,"column":1}},"2":{"start":{"line":6,"column":2},"end":{"line":23,"column":3}},"3":{"start":{"line":8,"column":6},"end":{"line":11,"column":7}},"4":{"start":{"line":13,"column":6},"end":{"line":16,"column":7}},"5":{"start":{"line":18,"column":6},"end":{"line":21,"column":7}},"6":{"start":{"line":22,"column":13},"end":{"line":22,"column":25}}},"fnMap":{"0":{"name":"(anonymous_0)","decl":{"start":{"line":5,"column":21},"end":{"line":5,"column":22}},"loc":{"start":{"line":5,"column":55},"end":{"line":24,"column":1}},"line":5}},"branchMap":{"0":{"loc":{"start":{"line":5,"column":22},"end":{"line":5,"column":42}},"type":"default-arg","locations":[{"start":{"line":5,"column":30},"end":{"line":5,"column":42}}],"line":5},"1":{"loc":{"start":{"line":6,"column":2},"end":{"line":23,"column":3}},"type":"switch","locations":[{"start":{"line":7,"column":4},"end":{"line":11,"column":7}},{"start":{"line":12,"column":4},"end":{"line":16,"column":7}},{"start":{"line":17,"column":4},"end":{"line":21,"column":7}},{"start":{"line":22,"column":4},"end":{"line":22,"column":25}}],"line":6}},"s":{"0":1,"1":1,"2":7,"3":1,"4":1,"5":1,"6":4},"f":{"0":7},"b":{"0":[4],"1":[1,1,1,4]},"_coverageSchema":"332fd63041d2c1bcb487cc26dd0d5f7d97098a6c","hash":"473dddb5ef088c229bbf06de44281bafc7f4b501"}
,"/Users/nad/Documents/Computing/Project/Mobile/HalalApp/src/redux/thunk/image.js": {"path":"/Users/nad/Documents/Computing/Project/Mobile/HalalApp/src/redux/thunk/image.js","statementMap":{"0":{"start":{"line":7,"column":2},"end":{"line":15,"column":3}},"1":{"start":{"line":8,"column":25},"end":{"line":8,"column":53}},"2":{"start":{"line":9,"column":4},"end":{"line":9,"column":47}},"3":{"start":{"line":10,"column":24},"end":{"line":10,"column":69}},"4":{"start":{"line":11,"column":4},"end":{"line":11,"column":43}},"5":{"start":{"line":12,"column":18},"end":{"line":12,"column":45}},"6":{"start":{"line":13,"column":21},"end":{"line":13,"column":48}},"7":{"start":{"line":14,"column":4},"end":{"line":14,"column":39}}},"fnMap":{"0":{"name":"processImage","decl":{"start":{"line":6,"column":16},"end":{"line":6,"column":28}},"loc":{"start":{"line":6,"column":41},"end":{"line":16,"column":1}},"line":6},"1":{"name":"(anonymous_1)","decl":{"start":{"line":7,"column":9},"end":{"line":7,"column":10}},"loc":{"start":{"line":7,"column":29},"end":{"line":15,"column":3}},"line":7}},"branchMap":{},"s":{"0":1,"1":1,"2":1,"3":1,"4":1,"5":1,"6":1,"7":1},"f":{"0":1,"1":1},"b":{},"_coverageSchema":"332fd63041d2c1bcb487cc26dd0d5f7d97098a6c","hash":"2bfbb0d1727fd074a759809cb782808bb623130b"}
}
