TN:
SF:/Users/nad/Documents/Computing/Project/Mobile/HalalApp/config/constants/colours.js
FNF:0
FNH:0
DA:1,2
LF:1
LH:1
BRF:0
BRH:0
end_of_record
TN:
SF:/Users/nad/Documents/Computing/Project/Mobile/HalalApp/config/constants/index.js
FNF:0
FNH:0
LF:0
LH:0
BRF:0
BRH:0
end_of_record
TN:
SF:/Users/nad/Documents/Computing/Project/Mobile/HalalApp/config/constants/labels.js
FNF:0
FNH:0
DA:1,2
LF:1
LH:1
BRF:0
BRH:0
end_of_record
TN:
SF:/Users/nad/Documents/Computing/Project/Mobile/HalalApp/config/constants/size.js
FNF:0
FNH:0
DA:3,1
DA:4,1
LF:2
LH:2
BRF:0
BRH:0
end_of_record
TN:
SF:/Users/nad/Documents/Computing/Project/Mobile/HalalApp/src/components/Header/Header.styles.js
FNF:0
FNH:0
DA:4,1
LF:1
LH:1
BRF:0
BRH:0
end_of_record
TN:
SF:/Users/nad/Documents/Computing/Project/Mobile/HalalApp/src/components/Header/Header.view.js
FN:8,(anonymous_0)
FNF:1
FNH:0
FNDA:0,(anonymous_0)
DA:8,1
DA:9,0
LF:2
LH:1
BRF:0
BRH:0
end_of_record
TN:
SF:/Users/nad/Documents/Computing/Project/Mobile/HalalApp/src/components/Header/index.js
FNF:0
FNH:0
LF:0
LH:0
BRF:0
BRH:0
end_of_record
TN:
SF:/Users/nad/Documents/Computing/Project/Mobile/HalalApp/src/components/Loading/Loading.container.js
FN:4,(anonymous_0)
FN:11,(anonymous_1)
FNF:2
FNH:0
FNDA:0,(anonymous_0)
FNDA:0,(anonymous_1)
DA:4,1
DA:5,0
DA:11,1
DA:12,0
DA:16,1
LF:5
LH:3
BRDA:7,0,0,0
BRDA:7,0,1,0
BRF:2
BRH:0
end_of_record
TN:
SF:/Users/nad/Documents/Computing/Project/Mobile/HalalApp/src/components/Loading/Loading.styles.js
FNF:0
FNH:0
DA:4,1
LF:1
LH:1
BRF:0
BRH:0
end_of_record
TN:
SF:/Users/nad/Documents/Computing/Project/Mobile/HalalApp/src/components/Loading/Loading.view.js
FN:9,(anonymous_0)
FNF:1
FNH:0
FNDA:0,(anonymous_0)
DA:9,1
DA:10,0
LF:2
LH:1
BRF:0
BRH:0
end_of_record
TN:
SF:/Users/nad/Documents/Computing/Project/Mobile/HalalApp/src/components/Loading/index.js
FNF:0
FNH:0
LF:0
LH:0
BRF:0
BRH:0
end_of_record
TN:
SF:/Users/nad/Documents/Computing/Project/Mobile/HalalApp/src/containers/Home/Home.styles.js
FNF:0
FNH:0
DA:4,1
LF:1
LH:1
BRF:0
BRH:0
end_of_record
TN:
SF:/Users/nad/Documents/Computing/Project/Mobile/HalalApp/src/containers/Home/Home.view.js
FN:15,(anonymous_0)
FN:21,(anonymous_1)
FN:27,(anonymous_2)
FN:39,(anonymous_3)
FN:49,(anonymous_4)
FNF:5
FNH:5
FNDA:1,(anonymous_0)
FNDA:1,(anonymous_1)
FNDA:2,(anonymous_2)
FNDA:1,(anonymous_3)
FNDA:1,(anonymous_4)
DA:9,1
DA:10,1
DA:11,500
DA:16,1
DA:17,1
DA:18,1
DA:22,1
DA:23,1
DA:24,1
DA:28,2
DA:40,1
DA:41,1
DA:43,1
DA:50,1
LF:14
LH:14
BRDA:27,0,0,2
BRF:1
BRH:1
end_of_record
TN:
SF:/Users/nad/Documents/Computing/Project/Mobile/HalalApp/src/containers/Home/index.js
FNF:0
FNH:0
LF:0
LH:0
BRF:0
BRH:0
end_of_record
TN:
SF:/Users/nad/Documents/Computing/Project/Mobile/HalalApp/src/lib/imageProcessing/googleImageAPI.js
FN:3,(anonymous_0)
FN:4,(anonymous_1)
FN:26,(anonymous_2)
FNF:3
FNH:3
FNDA:1,(anonymous_0)
FNDA:1,(anonymous_1)
FNDA:1,(anonymous_2)
DA:3,2
DA:4,1
DA:5,1
DA:27,1
DA:28,1
LF:5
LH:5
BRF:0
BRH:0
end_of_record
TN:
SF:/Users/nad/Documents/Computing/Project/Mobile/HalalApp/src/lib/imageProcessing/index.js
FNF:0
FNH:0
LF:0
LH:0
BRF:0
BRH:0
end_of_record
TN:
SF:/Users/nad/Documents/Computing/Project/Mobile/HalalApp/src/lib/imageUtil/imageUtil.js
FN:6,(anonymous_0)
FN:7,(anonymous_1)
FN:9,(anonymous_2)
FN:14,(anonymous_3)
FN:15,(anonymous_4)
FN:17,(anonymous_5)
FNF:6
FNH:6
FNDA:2,(anonymous_0)
FNDA:2,(anonymous_1)
FNDA:1,(anonymous_2)
FNDA:2,(anonymous_3)
FNDA:2,(anonymous_4)
FNDA:1,(anonymous_5)
DA:6,2
DA:7,2
DA:8,2
DA:10,1
DA:14,2
DA:15,2
DA:16,2
DA:18,1
LF:8
LH:8
BRDA:6,0,0,2
BRDA:6,1,0,2
BRF:2
BRH:2
end_of_record
TN:
SF:/Users/nad/Documents/Computing/Project/Mobile/HalalApp/src/lib/imageUtil/index.js
FNF:0
FNH:0
LF:0
LH:0
BRF:0
BRH:0
end_of_record
TN:
SF:/Users/nad/Documents/Computing/Project/Mobile/HalalApp/src/redux/actions/image.js
FN:4,(anonymous_0)
FN:13,(anonymous_1)
FN:21,(anonymous_2)
FN:29,(anonymous_3)
FN:37,(anonymous_4)
FN:45,(anonymous_5)
FNF:6
FNH:4
FNDA:6,(anonymous_0)
FNDA:3,(anonymous_1)
FNDA:4,(anonymous_2)
FNDA:3,(anonymous_3)
FNDA:0,(anonymous_4)
FNDA:0,(anonymous_5)
DA:3,3
DA:4,3
DA:5,6
DA:12,3
DA:13,3
DA:14,3
DA:20,3
DA:21,3
DA:22,4
DA:28,3
DA:29,3
DA:30,3
DA:36,3
DA:37,3
DA:38,0
DA:44,3
DA:45,3
DA:46,0
LF:18
LH:16
BRF:0
BRH:0
end_of_record
TN:
SF:/Users/nad/Documents/Computing/Project/Mobile/HalalApp/src/redux/actions/index.js
FNF:0
FNH:0
LF:0
LH:0
BRF:0
BRH:0
end_of_record
TN:
SF:/Users/nad/Documents/Computing/Project/Mobile/HalalApp/src/redux/actions/items.js
FN:2,(anonymous_0)
FN:10,(anonymous_1)
FN:18,(anonymous_2)
FN:25,(anonymous_3)
FNF:4
FNH:0
FNDA:0,(anonymous_0)
FNDA:0,(anonymous_1)
FNDA:0,(anonymous_2)
FNDA:0,(anonymous_3)
DA:1,3
DA:2,3
DA:3,0
DA:9,3
DA:10,3
DA:11,0
DA:17,3
DA:18,3
DA:19,0
DA:24,3
DA:25,3
DA:26,0
LF:12
LH:8
BRF:0
BRH:0
end_of_record
TN:
SF:/Users/nad/Documents/Computing/Project/Mobile/HalalApp/src/redux/reducers/image.js
FN:5,(anonymous_0)
FNF:1
FNH:1
FNDA:7,(anonymous_0)
DA:3,1
DA:5,1
DA:6,7
DA:8,0
DA:14,1
DA:19,1
DA:24,1
DA:29,0
DA:34,0
DA:38,4
LF:10
LH:7
BRDA:5,0,0,4
BRDA:6,1,0,0
BRDA:6,1,1,1
BRDA:6,1,2,1
BRDA:6,1,3,1
BRDA:6,1,4,0
BRDA:6,1,5,0
BRDA:6,1,6,4
BRF:8
BRH:5
end_of_record
TN:
SF:/Users/nad/Documents/Computing/Project/Mobile/HalalApp/src/redux/thunk/image.js
FN:16,processImage
FN:17,(anonymous_1)
FNF:2
FNH:2
FNDA:2,processImage
FNDA:2,(anonymous_1)
DA:11,1
DA:17,2
DA:19,2
DA:20,2
DA:21,2
DA:22,2
DA:24,2
DA:26,2
DA:27,2
DA:28,1
DA:31,1
DA:32,1
DA:35,1
DA:36,1
DA:39,1
DA:40,1
DA:41,1
DA:44,1
DA:46,0
DA:47,0
DA:49,2
LF:21
LH:19
BRF:0
BRH:0
end_of_record
