TN:
SF:/Users/nad/Documents/Computing/Project/Mobile/HalalApp/config/constants/colours.js
FNF:0
FNH:0
DA:1,1
LF:1
LH:1
BRF:0
BRH:0
end_of_record
TN:
SF:/Users/nad/Documents/Computing/Project/Mobile/HalalApp/config/constants/index.js
FNF:0
FNH:0
LF:0
LH:0
BRF:0
BRH:0
end_of_record
TN:
SF:/Users/nad/Documents/Computing/Project/Mobile/HalalApp/config/constants/labels.js
FNF:0
FNH:0
DA:1,1
LF:1
LH:1
BRF:0
BRH:0
end_of_record
TN:
SF:/Users/nad/Documents/Computing/Project/Mobile/HalalApp/src/containers/Home/HomeView.js
FN:16,(anonymous_0)
FNF:1
FNH:1
FNDA:1,(anonymous_0)
DA:7,1
DA:14,1
DA:16,1
DA:17,1
LF:4
LH:4
BRF:0
BRH:0
end_of_record
TN:
SF:/Users/nad/Documents/Computing/Project/Mobile/HalalApp/src/lib/halal/halalVerifier.js
FN:15,(anonymous_0)
FN:19,(anonymous_1)
FN:20,(anonymous_2)
FN:27,(anonymous_3)
FN:28,(anonymous_4)
FN:36,(anonymous_5)
FN:42,(anonymous_6)
FN:46,(anonymous_7)
FN:47,(anonymous_8)
FN:54,(anonymous_9)
FNF:10
FNH:6
FNDA:4,(anonymous_0)
FNDA:4,(anonymous_1)
FNDA:4,(anonymous_2)
FNDA:5,(anonymous_3)
FNDA:5,(anonymous_4)
FNDA:2,(anonymous_5)
FNDA:0,(anonymous_6)
FNDA:0,(anonymous_7)
FNDA:0,(anonymous_8)
FNDA:0,(anonymous_9)
DA:10,1
DA:15,1
DA:16,4
DA:19,1
DA:20,4
DA:21,4
DA:22,4
DA:23,4
DA:27,1
DA:28,5
DA:29,5
DA:30,5
DA:31,5
DA:32,5
DA:36,1
DA:37,2
DA:42,1
DA:43,0
DA:46,1
DA:47,0
DA:48,0
DA:49,0
DA:51,0
DA:54,1
DA:55,0
DA:59,0
DA:60,0
DA:61,0
DA:62,0
DA:64,0
DA:65,0
LF:31
LH:19
BRDA:32,0,0,5
BRDA:32,0,1,3
BRDA:37,1,0,2
BRDA:37,1,1,2
BRDA:37,1,2,2
BRDA:59,2,0,0
BRDA:59,2,1,0
BRDA:60,3,0,0
BRDA:60,3,1,0
BRDA:60,3,2,0
BRF:10
BRH:5
end_of_record
TN:
SF:/Users/nad/Documents/Computing/Project/Mobile/HalalApp/src/lib/imageProcessing/googleImageAPI.js
FN:1,(anonymous_0)
FN:2,(anonymous_1)
FN:24,(anonymous_2)
FNF:3
FNH:3
FNDA:1,(anonymous_0)
FNDA:1,(anonymous_1)
FNDA:1,(anonymous_2)
DA:1,2
DA:2,1
DA:3,1
DA:25,1
DA:26,1
LF:5
LH:5
BRF:0
BRH:0
end_of_record
TN:
SF:/Users/nad/Documents/Computing/Project/Mobile/HalalApp/src/lib/imageProcessing/index.js
FNF:0
FNH:0
LF:0
LH:0
BRF:0
BRH:0
end_of_record
TN:
SF:/Users/nad/Documents/Computing/Project/Mobile/HalalApp/src/lib/imageUtil/imageUtil.js
FN:6,(anonymous_0)
FN:7,(anonymous_1)
FN:9,(anonymous_2)
FN:14,(anonymous_3)
FN:15,(anonymous_4)
FN:17,(anonymous_5)
FNF:6
FNH:6
FNDA:2,(anonymous_0)
FNDA:2,(anonymous_1)
FNDA:1,(anonymous_2)
FNDA:2,(anonymous_3)
FNDA:2,(anonymous_4)
FNDA:1,(anonymous_5)
DA:6,2
DA:7,2
DA:8,2
DA:10,1
DA:14,2
DA:15,2
DA:16,2
DA:18,1
LF:8
LH:8
BRDA:6,0,0,2
BRDA:6,1,0,2
BRF:2
BRH:2
end_of_record
TN:
SF:/Users/nad/Documents/Computing/Project/Mobile/HalalApp/src/lib/imageUtil/index.js
FNF:0
FNH:0
LF:0
LH:0
BRF:0
BRH:0
end_of_record
TN:
SF:/Users/nad/Documents/Computing/Project/Mobile/HalalApp/src/redux/actions/image.js
FN:4,(anonymous_0)
FN:12,(anonymous_1)
FN:20,(anonymous_2)
FN:28,(anonymous_3)
FN:36,(anonymous_4)
FNF:5
FNH:3
FNDA:2,(anonymous_0)
FNDA:3,(anonymous_1)
FNDA:2,(anonymous_2)
FNDA:0,(anonymous_3)
FNDA:0,(anonymous_4)
DA:3,3
DA:4,3
DA:5,2
DA:11,3
DA:12,3
DA:13,3
DA:19,3
DA:20,3
DA:21,2
DA:27,3
DA:28,3
DA:29,0
DA:35,3
DA:36,3
DA:37,0
LF:15
LH:13
BRF:0
BRH:0
end_of_record
TN:
SF:/Users/nad/Documents/Computing/Project/Mobile/HalalApp/src/redux/actions/index.js
FNF:0
FNH:0
LF:0
LH:0
BRF:0
BRH:0
end_of_record
TN:
SF:/Users/nad/Documents/Computing/Project/Mobile/HalalApp/src/redux/reducers/image.js
FN:1487,(anonymous_0)
FNF:1
FNH:1
FNDA:7,(anonymous_0)
DA:5,1
DA:1487,1
DA:1488,7
DA:1490,1
DA:1495,1
DA:1500,1
DA:1505,0
DA:1510,0
DA:1514,4
LF:9
LH:7
BRDA:1487,0,0,4
BRDA:1488,1,0,1
BRDA:1488,1,1,1
BRDA:1488,1,2,1
BRDA:1488,1,3,0
BRDA:1488,1,4,0
BRDA:1488,1,5,4
BRF:7
BRH:5
end_of_record
TN:
SF:/Users/nad/Documents/Computing/Project/Mobile/HalalApp/src/redux/thunk/image.js
FN:6,processImage
FN:7,(anonymous_1)
FNF:2
FNH:2
FNDA:1,processImage
FNDA:1,(anonymous_1)
DA:7,1
DA:9,1
DA:11,1
DA:12,1
DA:13,1
DA:14,1
DA:15,1
DA:16,1
DA:17,1
LF:9
LH:9
BRF:0
BRH:0
end_of_record
